1
 1
3
 2  7  6
 9  5  1
 4  3  8
5
 9  3 22 16 15
 2 21 20 14  8
25 19 13  7  1
18 12  6  5 24
11 10  4 23 17
7
20 12  4 45 37 29 28
11  3 44 36 35 27 19
 2 43 42 34 26 18 10
49 41 33 25 17  9  1
40 32 24 16  8  7 48
31 23 15 14  6 47 39
22 21 13  5 46 38 30
9
35 25 15  5 76 66 56 46 45
24 14  4 75 65 55 54 44 34
13  3 74 64 63 53 43 33 23
 2 73 72 62 52 42 32 22 12
81 71 61 51 41 31 21 11  1
70 60 50 40 30 20 10  9 80
59 49 39 29 19 18  8 79 69
48 38 28 27 17  7 78 68 58
37 36 26 16  6 77 67 57 47
